<?xml version="1.0" encoding="UTF-8"?>
<testsuite xmlns:xsi="http://www.w3.org/2001/XMLSchema-instance" xsi:noNamespaceSchemaLocation="https://maven.apache.org/surefire/maven-surefire-plugin/xsd/surefire-test-report.xsd" name="Service1 feature" time="0.242" tests="1" errors="0" skipped="0" failures="0">
  <properties>
    <property name="awt.toolkit" value="sun.awt.X11.XToolkit"/>
    <property name="java.specification.version" value="11"/>
    <property name="sun.cpu.isalist" value=""/>
    <property name="sun.jnu.encoding" value="UTF-8"/>
    <property name="java.class.path" value="/home/iv/Documents/02267/Projekt/DTUPay/RabbitMQTest1/target/test-classes:/home/iv/Documents/02267/Projekt/DTUPay/RabbitMQTest1/target/classes:/home/iv/.m2/repository/io/cucumber/cucumber-java/6.9.1/cucumber-java-6.9.1.jar:/home/iv/.m2/repository/io/cucumber/cucumber-core/6.9.1/cucumber-core-6.9.1.jar:/home/iv/.m2/repository/io/cucumber/cucumber-gherkin/6.9.1/cucumber-gherkin-6.9.1.jar:/home/iv/.m2/repository/io/cucumber/cucumber-gherkin-messages/6.9.1/cucumber-gherkin-messages-6.9.1.jar:/home/iv/.m2/repository/io/cucumber/messages/13.2.1/messages-13.2.1.jar:/home/iv/.m2/repository/io/cucumber/tag-expressions/3.0.0/tag-expressions-3.0.0.jar:/home/iv/.m2/repository/io/cucumber/cucumber-expressions/10.3.0/cucumber-expressions-10.3.0.jar:/home/iv/.m2/repository/io/cucumber/datatable/3.5.0/datatable-3.5.0.jar:/home/iv/.m2/repository/io/cucumber/cucumber-plugin/6.9.1/cucumber-plugin-6.9.1.jar:/home/iv/.m2/repository/io/cucumber/docstring/6.9.1/docstring-6.9.1.jar:/home/iv/.m2/repository/io/cucumber/html-formatter/9.0.0/html-formatter-9.0.0.jar:/home/iv/.m2/repository/io/cucumber/create-meta/2.0.4/create-meta-2.0.4.jar:/home/iv/.m2/repository/org/apiguardian/apiguardian-api/1.1.0/apiguardian-api-1.1.0.jar:/home/iv/.m2/repository/io/cucumber/cucumber-junit/6.9.1/cucumber-junit-6.9.1.jar:/home/iv/.m2/repository/junit/junit/4.13.1/junit-4.13.1.jar:/home/iv/.m2/repository/org/hamcrest/hamcrest-core/1.3/hamcrest-core-1.3.jar:/home/iv/.m2/repository/io/cucumber/cucumber-picocontainer/6.9.1/cucumber-picocontainer-6.9.1.jar:/home/iv/.m2/repository/org/picocontainer/picocontainer/2.15/picocontainer-2.15.jar:/home/iv/.m2/repository/org/junit/jupiter/junit-jupiter-engine/5.7.0/junit-jupiter-engine-5.7.0.jar:/home/iv/.m2/repository/org/junit/platform/junit-platform-engine/1.7.0/junit-platform-engine-1.7.0.jar:/home/iv/.m2/repository/org/opentest4j/opentest4j/1.2.0/opentest4j-1.2.0.jar:/home/iv/.m2/repository/org/junit/platform/junit-platform-commons/1.7.0/junit-platform-commons-1.7.0.jar:/home/iv/.m2/repository/org/junit/jupiter/junit-jupiter-api/5.7.0/junit-jupiter-api-5.7.0.jar:/home/iv/.m2/repository/io/cucumber/cucumber-junit-platform-engine/6.9.1/cucumber-junit-platform-engine-6.9.1.jar:/home/iv/.m2/repository/com/sun/xml/ws/jaxws-rt/2.3.3/jaxws-rt-2.3.3.jar:/home/iv/.m2/repository/com/sun/xml/ws/policy/2.7.10/policy-2.7.10.jar:/home/iv/.m2/repository/com/sun/xml/bind/jaxb-impl/2.3.3/jaxb-impl-2.3.3.jar:/home/iv/.m2/repository/org/glassfish/ha/ha-api/3.1.12/ha-api-3.1.12.jar:/home/iv/.m2/repository/org/glassfish/external/management-api/3.2.2/management-api-3.2.2.jar:/home/iv/.m2/repository/org/glassfish/gmbal/gmbal/4.0.1/gmbal-4.0.1.jar:/home/iv/.m2/repository/org/glassfish/pfl/pfl-tf/4.1.0/pfl-tf-4.1.0.jar:/home/iv/.m2/repository/org/glassfish/pfl/pfl-basic/4.1.0/pfl-basic-4.1.0.jar:/home/iv/.m2/repository/org/jvnet/staxex/stax-ex/1.8.3/stax-ex-1.8.3.jar:/home/iv/.m2/repository/com/sun/xml/stream/buffer/streambuffer/1.5.9/streambuffer-1.5.9.jar:/home/iv/.m2/repository/org/jvnet/mimepull/mimepull/1.9.13/mimepull-1.9.13.jar:/home/iv/.m2/repository/com/sun/xml/fastinfoset/FastInfoset/1.2.18/FastInfoset-1.2.18.jar:/home/iv/.m2/repository/com/sun/activation/jakarta.activation/1.2.2/jakarta.activation-1.2.2.jar:/home/iv/.m2/repository/com/sun/xml/messaging/saaj/saaj-impl/1.5.2/saaj-impl-1.5.2.jar:/home/iv/.m2/repository/com/fasterxml/woodstox/woodstox-core/5.1.0/woodstox-core-5.1.0.jar:/home/iv/.m2/repository/org/codehaus/woodstox/stax2-api/4.1/stax2-api-4.1.jar:/home/iv/.m2/repository/com/sun/xml/ws/jaxws-tools/2.3.3/jaxws-tools-2.3.3.jar:/home/iv/.m2/repository/com/sun/xml/bind/jaxb-xjc/2.3.3/jaxb-xjc-2.3.3.jar:/home/iv/.m2/repository/com/sun/xml/bind/jaxb-jxc/2.3.3/jaxb-jxc-2.3.3.jar:/home/iv/.m2/repository/com/sun/xml/ws/jaxws-eclipselink-plugin/2.3.3/jaxws-eclipselink-plugin-2.3.3.jar:/home/iv/.m2/repository/jakarta/persistence/jakarta.persistence-api/2.2.3/jakarta.persistence-api-2.2.3.jar:/home/iv/.m2/repository/org/eclipse/persistence/org.eclipse.persistence.moxy/2.7.6/org.eclipse.persistence.moxy-2.7.6.jar:/home/iv/.m2/repository/org/eclipse/persistence/org.eclipse.persistence.core/2.7.6/org.eclipse.persistence.core-2.7.6.jar:/home/iv/.m2/repository/org/eclipse/persistence/org.eclipse.persistence.asm/2.7.6/org.eclipse.persistence.asm-2.7.6.jar:/home/iv/.m2/repository/com/sun/mail/jakarta.mail/1.6.5/jakarta.mail-1.6.5.jar:/home/iv/.m2/repository/com/sun/xml/ws/sdo-eclipselink-plugin/2.3.3/sdo-eclipselink-plugin-2.3.3.jar:/home/iv/.m2/repository/org/eclipse/persistence/org.eclipse.persistence.sdo/2.7.6/org.eclipse.persistence.sdo-2.7.6.jar:/home/iv/.m2/repository/org/eclipse/persistence/commonj.sdo/2.1.1/commonj.sdo-2.1.1.jar:/home/iv/.m2/repository/jakarta/xml/ws/jakarta.xml.ws-api/2.3.3/jakarta.xml.ws-api-2.3.3.jar:/home/iv/.m2/repository/jakarta/xml/bind/jakarta.xml.bind-api/2.3.3/jakarta.xml.bind-api-2.3.3.jar:/home/iv/.m2/repository/jakarta/xml/soap/jakarta.xml.soap-api/1.4.2/jakarta.xml.soap-api-1.4.2.jar:/home/iv/.m2/repository/jakarta/jws/jakarta.jws-api/2.1.0/jakarta.jws-api-2.1.0.jar:/home/iv/.m2/repository/jakarta/annotation/jakarta.annotation-api/1.3.5/jakarta.annotation-api-1.3.5.jar:/home/iv/.m2/repository/com/rabbitmq/amqp-client/5.5.3/amqp-client-5.5.3.jar:/home/iv/.m2/repository/org/slf4j/slf4j-api/1.7.25/slf4j-api-1.7.25.jar:/home/iv/.m2/repository/org/mockito/mockito-core/2.23.4/mockito-core-2.23.4.jar:/home/iv/.m2/repository/net/bytebuddy/byte-buddy/1.9.3/byte-buddy-1.9.3.jar:/home/iv/.m2/repository/net/bytebuddy/byte-buddy-agent/1.9.3/byte-buddy-agent-1.9.3.jar:/home/iv/.m2/repository/org/objenesis/objenesis/2.6/objenesis-2.6.jar:/home/iv/.m2/repository/com/google/code/gson/gson/2.8.5/gson-2.8.5.jar:/home/iv/.m2/repository/messaging-demo/message-utilities/1.0.0/message-utilities-1.0.0.jar:/home/iv/.m2/repository/info/cukes/cucumber-java/1.2.5/cucumber-java-1.2.5.jar:/home/iv/.m2/repository/info/cukes/cucumber-core/1.2.5/cucumber-core-1.2.5.jar:/home/iv/.m2/repository/info/cukes/cucumber-html/0.2.3/cucumber-html-0.2.3.jar:/home/iv/.m2/repository/info/cukes/cucumber-jvm-deps/1.0.5/cucumber-jvm-deps-1.0.5.jar:/home/iv/.m2/repository/info/cukes/gherkin/2.12.2/gherkin-2.12.2.jar:"/>
    <property name="java.vm.vendor" value="Oracle Corporation"/>
    <property name="sun.arch.data.model" value="64"/>
    <property name="java.vendor.url" value="https://openjdk.java.net/"/>
    <property name="user.timezone" value=""/>
    <property name="java.vm.specification.version" value="11"/>
    <property name="os.name" value="Linux"/>
    <property name="sun.java.launcher" value="SUN_STANDARD"/>
    <property name="user.country" value="DK"/>
    <property name="sun.boot.library.path" value="/usr/lib/jvm/java-11-openjdk/lib"/>
    <property name="sun.java.command" value="/home/iv/Documents/02267/Projekt/DTUPay/RabbitMQTest1/target/surefire/surefirebooter9905196583891865255.jar /home/iv/Documents/02267/Projekt/DTUPay/RabbitMQTest1/target/surefire 2021-01-13T09-26-47_497-jvmRun1 surefire12168657432379940235tmp surefire_06325649112212228728tmp"/>
    <property name="jdk.debug" value="release"/>
    <property name="maven.home" value="/opt/maven"/>
    <property name="surefire.test.class.path" value="/home/iv/Documents/02267/Projekt/DTUPay/RabbitMQTest1/target/test-classes:/home/iv/Documents/02267/Projekt/DTUPay/RabbitMQTest1/target/classes:/home/iv/.m2/repository/io/cucumber/cucumber-java/6.9.1/cucumber-java-6.9.1.jar:/home/iv/.m2/repository/io/cucumber/cucumber-core/6.9.1/cucumber-core-6.9.1.jar:/home/iv/.m2/repository/io/cucumber/cucumber-gherkin/6.9.1/cucumber-gherkin-6.9.1.jar:/home/iv/.m2/repository/io/cucumber/cucumber-gherkin-messages/6.9.1/cucumber-gherkin-messages-6.9.1.jar:/home/iv/.m2/repository/io/cucumber/messages/13.2.1/messages-13.2.1.jar:/home/iv/.m2/repository/io/cucumber/tag-expressions/3.0.0/tag-expressions-3.0.0.jar:/home/iv/.m2/repository/io/cucumber/cucumber-expressions/10.3.0/cucumber-expressions-10.3.0.jar:/home/iv/.m2/repository/io/cucumber/datatable/3.5.0/datatable-3.5.0.jar:/home/iv/.m2/repository/io/cucumber/cucumber-plugin/6.9.1/cucumber-plugin-6.9.1.jar:/home/iv/.m2/repository/io/cucumber/docstring/6.9.1/docstring-6.9.1.jar:/home/iv/.m2/repository/io/cucumber/html-formatter/9.0.0/html-formatter-9.0.0.jar:/home/iv/.m2/repository/io/cucumber/create-meta/2.0.4/create-meta-2.0.4.jar:/home/iv/.m2/repository/org/apiguardian/apiguardian-api/1.1.0/apiguardian-api-1.1.0.jar:/home/iv/.m2/repository/io/cucumber/cucumber-junit/6.9.1/cucumber-junit-6.9.1.jar:/home/iv/.m2/repository/junit/junit/4.13.1/junit-4.13.1.jar:/home/iv/.m2/repository/org/hamcrest/hamcrest-core/1.3/hamcrest-core-1.3.jar:/home/iv/.m2/repository/io/cucumber/cucumber-picocontainer/6.9.1/cucumber-picocontainer-6.9.1.jar:/home/iv/.m2/repository/org/picocontainer/picocontainer/2.15/picocontainer-2.15.jar:/home/iv/.m2/repository/org/junit/jupiter/junit-jupiter-engine/5.7.0/junit-jupiter-engine-5.7.0.jar:/home/iv/.m2/repository/org/junit/platform/junit-platform-engine/1.7.0/junit-platform-engine-1.7.0.jar:/home/iv/.m2/repository/org/opentest4j/opentest4j/1.2.0/opentest4j-1.2.0.jar:/home/iv/.m2/repository/org/junit/platform/junit-platform-commons/1.7.0/junit-platform-commons-1.7.0.jar:/home/iv/.m2/repository/org/junit/jupiter/junit-jupiter-api/5.7.0/junit-jupiter-api-5.7.0.jar:/home/iv/.m2/repository/io/cucumber/cucumber-junit-platform-engine/6.9.1/cucumber-junit-platform-engine-6.9.1.jar:/home/iv/.m2/repository/com/sun/xml/ws/jaxws-rt/2.3.3/jaxws-rt-2.3.3.jar:/home/iv/.m2/repository/com/sun/xml/ws/policy/2.7.10/policy-2.7.10.jar:/home/iv/.m2/repository/com/sun/xml/bind/jaxb-impl/2.3.3/jaxb-impl-2.3.3.jar:/home/iv/.m2/repository/org/glassfish/ha/ha-api/3.1.12/ha-api-3.1.12.jar:/home/iv/.m2/repository/org/glassfish/external/management-api/3.2.2/management-api-3.2.2.jar:/home/iv/.m2/repository/org/glassfish/gmbal/gmbal/4.0.1/gmbal-4.0.1.jar:/home/iv/.m2/repository/org/glassfish/pfl/pfl-tf/4.1.0/pfl-tf-4.1.0.jar:/home/iv/.m2/repository/org/glassfish/pfl/pfl-basic/4.1.0/pfl-basic-4.1.0.jar:/home/iv/.m2/repository/org/jvnet/staxex/stax-ex/1.8.3/stax-ex-1.8.3.jar:/home/iv/.m2/repository/com/sun/xml/stream/buffer/streambuffer/1.5.9/streambuffer-1.5.9.jar:/home/iv/.m2/repository/org/jvnet/mimepull/mimepull/1.9.13/mimepull-1.9.13.jar:/home/iv/.m2/repository/com/sun/xml/fastinfoset/FastInfoset/1.2.18/FastInfoset-1.2.18.jar:/home/iv/.m2/repository/com/sun/activation/jakarta.activation/1.2.2/jakarta.activation-1.2.2.jar:/home/iv/.m2/repository/com/sun/xml/messaging/saaj/saaj-impl/1.5.2/saaj-impl-1.5.2.jar:/home/iv/.m2/repository/com/fasterxml/woodstox/woodstox-core/5.1.0/woodstox-core-5.1.0.jar:/home/iv/.m2/repository/org/codehaus/woodstox/stax2-api/4.1/stax2-api-4.1.jar:/home/iv/.m2/repository/com/sun/xml/ws/jaxws-tools/2.3.3/jaxws-tools-2.3.3.jar:/home/iv/.m2/repository/com/sun/xml/bind/jaxb-xjc/2.3.3/jaxb-xjc-2.3.3.jar:/home/iv/.m2/repository/com/sun/xml/bind/jaxb-jxc/2.3.3/jaxb-jxc-2.3.3.jar:/home/iv/.m2/repository/com/sun/xml/ws/jaxws-eclipselink-plugin/2.3.3/jaxws-eclipselink-plugin-2.3.3.jar:/home/iv/.m2/repository/jakarta/persistence/jakarta.persistence-api/2.2.3/jakarta.persistence-api-2.2.3.jar:/home/iv/.m2/repository/org/eclipse/persistence/org.eclipse.persistence.moxy/2.7.6/org.eclipse.persistence.moxy-2.7.6.jar:/home/iv/.m2/repository/org/eclipse/persistence/org.eclipse.persistence.core/2.7.6/org.eclipse.persistence.core-2.7.6.jar:/home/iv/.m2/repository/org/eclipse/persistence/org.eclipse.persistence.asm/2.7.6/org.eclipse.persistence.asm-2.7.6.jar:/home/iv/.m2/repository/com/sun/mail/jakarta.mail/1.6.5/jakarta.mail-1.6.5.jar:/home/iv/.m2/repository/com/sun/xml/ws/sdo-eclipselink-plugin/2.3.3/sdo-eclipselink-plugin-2.3.3.jar:/home/iv/.m2/repository/org/eclipse/persistence/org.eclipse.persistence.sdo/2.7.6/org.eclipse.persistence.sdo-2.7.6.jar:/home/iv/.m2/repository/org/eclipse/persistence/commonj.sdo/2.1.1/commonj.sdo-2.1.1.jar:/home/iv/.m2/repository/jakarta/xml/ws/jakarta.xml.ws-api/2.3.3/jakarta.xml.ws-api-2.3.3.jar:/home/iv/.m2/repository/jakarta/xml/bind/jakarta.xml.bind-api/2.3.3/jakarta.xml.bind-api-2.3.3.jar:/home/iv/.m2/repository/jakarta/xml/soap/jakarta.xml.soap-api/1.4.2/jakarta.xml.soap-api-1.4.2.jar:/home/iv/.m2/repository/jakarta/jws/jakarta.jws-api/2.1.0/jakarta.jws-api-2.1.0.jar:/home/iv/.m2/repository/jakarta/annotation/jakarta.annotation-api/1.3.5/jakarta.annotation-api-1.3.5.jar:/home/iv/.m2/repository/com/rabbitmq/amqp-client/5.5.3/amqp-client-5.5.3.jar:/home/iv/.m2/repository/org/slf4j/slf4j-api/1.7.25/slf4j-api-1.7.25.jar:/home/iv/.m2/repository/org/mockito/mockito-core/2.23.4/mockito-core-2.23.4.jar:/home/iv/.m2/repository/net/bytebuddy/byte-buddy/1.9.3/byte-buddy-1.9.3.jar:/home/iv/.m2/repository/net/bytebuddy/byte-buddy-agent/1.9.3/byte-buddy-agent-1.9.3.jar:/home/iv/.m2/repository/org/objenesis/objenesis/2.6/objenesis-2.6.jar:/home/iv/.m2/repository/com/google/code/gson/gson/2.8.5/gson-2.8.5.jar:/home/iv/.m2/repository/messaging-demo/message-utilities/1.0.0/message-utilities-1.0.0.jar:/home/iv/.m2/repository/info/cukes/cucumber-java/1.2.5/cucumber-java-1.2.5.jar:/home/iv/.m2/repository/info/cukes/cucumber-core/1.2.5/cucumber-core-1.2.5.jar:/home/iv/.m2/repository/info/cukes/cucumber-html/0.2.3/cucumber-html-0.2.3.jar:/home/iv/.m2/repository/info/cukes/cucumber-jvm-deps/1.0.5/cucumber-jvm-deps-1.0.5.jar:/home/iv/.m2/repository/info/cukes/gherkin/2.12.2/gherkin-2.12.2.jar:"/>
    <property name="sun.cpu.endian" value="little"/>
    <property name="user.home" value="/home/iv"/>
    <property name="user.language" value="en"/>
    <property name="java.specification.vendor" value="Oracle Corporation"/>
    <property name="java.version.date" value="2020-07-14"/>
    <property name="java.home" value="/usr/lib/jvm/java-11-openjdk"/>
    <property name="file.separator" value="/"/>
    <property name="basedir" value="/home/iv/Documents/02267/Projekt/DTUPay/RabbitMQTest1"/>
    <property name="java.vm.compressedOopsMode" value="Zero based"/>
    <property name="line.separator" value="&#10;"/>
    <property name="java.specification.name" value="Java Platform API Specification"/>
    <property name="java.vm.specification.vendor" value="Oracle Corporation"/>
    <property name="java.awt.graphicsenv" value="sun.awt.X11GraphicsEnvironment"/>
    <property name="surefire.real.class.path" value="/home/iv/Documents/02267/Projekt/DTUPay/RabbitMQTest1/target/surefire/surefirebooter9905196583891865255.jar"/>
    <property name="sun.management.compiler" value="HotSpot 64-Bit Tiered Compilers"/>
    <property name="java.runtime.version" value="11.0.8+10"/>
    <property name="user.name" value="iv"/>
    <property name="path.separator" value=":"/>
    <property name="os.version" value="5.10.2-2-MANJARO"/>
    <property name="java.runtime.name" value="OpenJDK Runtime Environment"/>
    <property name="file.encoding" value="UTF-8"/>
    <property name="java.vm.name" value="OpenJDK 64-Bit Server VM"/>
    <property name="localRepository" value="/home/iv/.m2/repository"/>
    <property name="java.vendor.url.bug" value="https://bugreport.java.com/bugreport/"/>
    <property name="java.io.tmpdir" value="/tmp"/>
    <property name="java.version" value="11.0.8"/>
    <property name="user.dir" value="/home/iv/Documents/02267/Projekt/DTUPay/RabbitMQTest1"/>
    <property name="os.arch" value="amd64"/>
    <property name="java.vm.specification.name" value="Java Virtual Machine Specification"/>
    <property name="java.awt.printerjob" value="sun.print.PSPrinterJob"/>
    <property name="sun.os.patch.level" value="unknown"/>
    <property name="java.util.logging.manager" value="org.jboss.logmanager.LogManager"/>
    <property name="java.library.path" value="/usr/java/packages/lib:/usr/lib64:/lib64:/lib:/usr/lib"/>
    <property name="java.vm.info" value="mixed mode"/>
    <property name="java.vendor" value="N/A"/>
    <property name="java.vm.version" value="11.0.8+10"/>
    <property name="sun.io.unicode.encoding" value="UnicodeLittle"/>
    <property name="java.class.version" value="55.0"/>
  </properties>
  <testcase name="demo" classname="Service1 feature" time="0.239"/>
</testsuite>