<?xml version="1.0" encoding="UTF-8"?>
<testsuite xmlns:xsi="http://www.w3.org/2001/XMLSchema-instance" xsi:noNamespaceSchemaLocation="https://maven.apache.org/surefire/maven-surefire-plugin/xsd/surefire-test-report.xsd" name="EventService feature" time="0.132" tests="1" errors="0" skipped="0" failures="0">
  <properties>
    <property name="java.specification.version" value="15"/>
    <property name="sun.jnu.encoding" value="UTF-8"/>
    <property name="java.class.path" value="/Users/jakoboffersen/Documents/DTU/9_semester/Web Services (Jan)/DTUPay/RabbitTest/target/test-classes:/Users/jakoboffersen/Documents/DTU/9_semester/Web Services (Jan)/DTUPay/RabbitTest/target/classes:/Users/jakoboffersen/.m2/repository/io/cucumber/cucumber-java/6.9.1/cucumber-java-6.9.1.jar:/Users/jakoboffersen/.m2/repository/io/cucumber/cucumber-core/6.9.1/cucumber-core-6.9.1.jar:/Users/jakoboffersen/.m2/repository/io/cucumber/cucumber-gherkin/6.9.1/cucumber-gherkin-6.9.1.jar:/Users/jakoboffersen/.m2/repository/io/cucumber/cucumber-gherkin-messages/6.9.1/cucumber-gherkin-messages-6.9.1.jar:/Users/jakoboffersen/.m2/repository/io/cucumber/messages/13.2.1/messages-13.2.1.jar:/Users/jakoboffersen/.m2/repository/io/cucumber/tag-expressions/3.0.0/tag-expressions-3.0.0.jar:/Users/jakoboffersen/.m2/repository/io/cucumber/cucumber-expressions/10.3.0/cucumber-expressions-10.3.0.jar:/Users/jakoboffersen/.m2/repository/io/cucumber/datatable/3.5.0/datatable-3.5.0.jar:/Users/jakoboffersen/.m2/repository/io/cucumber/cucumber-plugin/6.9.1/cucumber-plugin-6.9.1.jar:/Users/jakoboffersen/.m2/repository/io/cucumber/docstring/6.9.1/docstring-6.9.1.jar:/Users/jakoboffersen/.m2/repository/io/cucumber/html-formatter/9.0.0/html-formatter-9.0.0.jar:/Users/jakoboffersen/.m2/repository/io/cucumber/create-meta/2.0.4/create-meta-2.0.4.jar:/Users/jakoboffersen/.m2/repository/org/apiguardian/apiguardian-api/1.1.0/apiguardian-api-1.1.0.jar:/Users/jakoboffersen/.m2/repository/io/cucumber/cucumber-junit/6.9.1/cucumber-junit-6.9.1.jar:/Users/jakoboffersen/.m2/repository/junit/junit/4.13.1/junit-4.13.1.jar:/Users/jakoboffersen/.m2/repository/org/hamcrest/hamcrest-core/1.3/hamcrest-core-1.3.jar:/Users/jakoboffersen/.m2/repository/io/cucumber/cucumber-picocontainer/6.9.1/cucumber-picocontainer-6.9.1.jar:/Users/jakoboffersen/.m2/repository/org/picocontainer/picocontainer/2.15/picocontainer-2.15.jar:/Users/jakoboffersen/.m2/repository/org/junit/jupiter/junit-jupiter-engine/5.7.0/junit-jupiter-engine-5.7.0.jar:/Users/jakoboffersen/.m2/repository/org/junit/platform/junit-platform-engine/1.7.0/junit-platform-engine-1.7.0.jar:/Users/jakoboffersen/.m2/repository/org/opentest4j/opentest4j/1.2.0/opentest4j-1.2.0.jar:/Users/jakoboffersen/.m2/repository/org/junit/platform/junit-platform-commons/1.7.0/junit-platform-commons-1.7.0.jar:/Users/jakoboffersen/.m2/repository/org/junit/jupiter/junit-jupiter-api/5.7.0/junit-jupiter-api-5.7.0.jar:/Users/jakoboffersen/.m2/repository/io/cucumber/cucumber-junit-platform-engine/6.9.1/cucumber-junit-platform-engine-6.9.1.jar:/Users/jakoboffersen/.m2/repository/messaging/message-utilities/1.0.0/message-utilities-1.0.0.jar:/Users/jakoboffersen/.m2/repository/com/rabbitmq/amqp-client/5.5.3/amqp-client-5.5.3.jar:/Users/jakoboffersen/.m2/repository/org/slf4j/slf4j-api/1.7.25/slf4j-api-1.7.25.jar:/Users/jakoboffersen/.m2/repository/com/google/code/gson/gson/2.8.5/gson-2.8.5.jar:"/>
    <property name="java.vm.vendor" value="Oracle Corporation"/>
    <property name="sun.arch.data.model" value="64"/>
    <property name="java.vendor.url" value="https://openjdk.java.net/"/>
    <property name="os.name" value="Mac OS X"/>
    <property name="java.vm.specification.version" value="15"/>
    <property name="sun.java.launcher" value="SUN_STANDARD"/>
    <property name="user.country" value="GB"/>
    <property name="sun.boot.library.path" value="/usr/local/Cellar/openjdk/15.0.1/libexec/openjdk.jdk/Contents/Home/lib"/>
    <property name="sun.java.command" value="/Users/jakoboffersen/Documents/DTU/9_semester/Web Services (Jan)/DTUPay/RabbitTest/target/surefire/surefirebooter176451037716451846.jar /Users/jakoboffersen/Documents/DTU/9_semester/Web Services (Jan)/DTUPay/RabbitTest/target/surefire 2021-01-17T21-34-14_279-jvmRun1 surefire4920198089306987668tmp surefire_03471342523437111551tmp"/>
    <property name="jdk.debug" value="release"/>
    <property name="maven.home" value="/usr/local/Cellar/maven/3.6.3_1/libexec"/>
    <property name="surefire.test.class.path" value="/Users/jakoboffersen/Documents/DTU/9_semester/Web Services (Jan)/DTUPay/RabbitTest/target/test-classes:/Users/jakoboffersen/Documents/DTU/9_semester/Web Services (Jan)/DTUPay/RabbitTest/target/classes:/Users/jakoboffersen/.m2/repository/io/cucumber/cucumber-java/6.9.1/cucumber-java-6.9.1.jar:/Users/jakoboffersen/.m2/repository/io/cucumber/cucumber-core/6.9.1/cucumber-core-6.9.1.jar:/Users/jakoboffersen/.m2/repository/io/cucumber/cucumber-gherkin/6.9.1/cucumber-gherkin-6.9.1.jar:/Users/jakoboffersen/.m2/repository/io/cucumber/cucumber-gherkin-messages/6.9.1/cucumber-gherkin-messages-6.9.1.jar:/Users/jakoboffersen/.m2/repository/io/cucumber/messages/13.2.1/messages-13.2.1.jar:/Users/jakoboffersen/.m2/repository/io/cucumber/tag-expressions/3.0.0/tag-expressions-3.0.0.jar:/Users/jakoboffersen/.m2/repository/io/cucumber/cucumber-expressions/10.3.0/cucumber-expressions-10.3.0.jar:/Users/jakoboffersen/.m2/repository/io/cucumber/datatable/3.5.0/datatable-3.5.0.jar:/Users/jakoboffersen/.m2/repository/io/cucumber/cucumber-plugin/6.9.1/cucumber-plugin-6.9.1.jar:/Users/jakoboffersen/.m2/repository/io/cucumber/docstring/6.9.1/docstring-6.9.1.jar:/Users/jakoboffersen/.m2/repository/io/cucumber/html-formatter/9.0.0/html-formatter-9.0.0.jar:/Users/jakoboffersen/.m2/repository/io/cucumber/create-meta/2.0.4/create-meta-2.0.4.jar:/Users/jakoboffersen/.m2/repository/org/apiguardian/apiguardian-api/1.1.0/apiguardian-api-1.1.0.jar:/Users/jakoboffersen/.m2/repository/io/cucumber/cucumber-junit/6.9.1/cucumber-junit-6.9.1.jar:/Users/jakoboffersen/.m2/repository/junit/junit/4.13.1/junit-4.13.1.jar:/Users/jakoboffersen/.m2/repository/org/hamcrest/hamcrest-core/1.3/hamcrest-core-1.3.jar:/Users/jakoboffersen/.m2/repository/io/cucumber/cucumber-picocontainer/6.9.1/cucumber-picocontainer-6.9.1.jar:/Users/jakoboffersen/.m2/repository/org/picocontainer/picocontainer/2.15/picocontainer-2.15.jar:/Users/jakoboffersen/.m2/repository/org/junit/jupiter/junit-jupiter-engine/5.7.0/junit-jupiter-engine-5.7.0.jar:/Users/jakoboffersen/.m2/repository/org/junit/platform/junit-platform-engine/1.7.0/junit-platform-engine-1.7.0.jar:/Users/jakoboffersen/.m2/repository/org/opentest4j/opentest4j/1.2.0/opentest4j-1.2.0.jar:/Users/jakoboffersen/.m2/repository/org/junit/platform/junit-platform-commons/1.7.0/junit-platform-commons-1.7.0.jar:/Users/jakoboffersen/.m2/repository/org/junit/jupiter/junit-jupiter-api/5.7.0/junit-jupiter-api-5.7.0.jar:/Users/jakoboffersen/.m2/repository/io/cucumber/cucumber-junit-platform-engine/6.9.1/cucumber-junit-platform-engine-6.9.1.jar:/Users/jakoboffersen/.m2/repository/messaging/message-utilities/1.0.0/message-utilities-1.0.0.jar:/Users/jakoboffersen/.m2/repository/com/rabbitmq/amqp-client/5.5.3/amqp-client-5.5.3.jar:/Users/jakoboffersen/.m2/repository/org/slf4j/slf4j-api/1.7.25/slf4j-api-1.7.25.jar:/Users/jakoboffersen/.m2/repository/com/google/code/gson/gson/2.8.5/gson-2.8.5.jar:"/>
    <property name="sun.cpu.endian" value="little"/>
    <property name="user.home" value="/Users/jakoboffersen"/>
    <property name="user.language" value="en"/>
    <property name="java.specification.vendor" value="Oracle Corporation"/>
    <property name="java.version.date" value="2020-10-20"/>
    <property name="java.home" value="/usr/local/Cellar/openjdk/15.0.1/libexec/openjdk.jdk/Contents/Home"/>
    <property name="file.separator" value="/"/>
    <property name="basedir" value="/Users/jakoboffersen/Documents/DTU/9_semester/Web Services (Jan)/DTUPay/RabbitTest"/>
    <property name="java.vm.compressedOopsMode" value="Zero based"/>
    <property name="line.separator" value="&#10;"/>
    <property name="java.vm.specification.vendor" value="Oracle Corporation"/>
    <property name="java.specification.name" value="Java Platform API Specification"/>
    <property name="surefire.real.class.path" value="/Users/jakoboffersen/Documents/DTU/9_semester/Web Services (Jan)/DTUPay/RabbitTest/target/surefire/surefirebooter176451037716451846.jar"/>
    <property name="sun.management.compiler" value="HotSpot 64-Bit Tiered Compilers"/>
    <property name="java.runtime.version" value="15.0.1+9"/>
    <property name="user.name" value="jakoboffersen"/>
    <property name="path.separator" value=":"/>
    <property name="os.version" value="11.0.1"/>
    <property name="java.runtime.name" value="OpenJDK Runtime Environment"/>
    <property name="file.encoding" value="UTF-8"/>
    <property name="java.vm.name" value="OpenJDK 64-Bit Server VM"/>
    <property name="localRepository" value="/Users/jakoboffersen/.m2/repository"/>
    <property name="java.vendor.url.bug" value="https://bugreport.java.com/bugreport/"/>
    <property name="java.io.tmpdir" value="/var/folders/js/dqwgr5791039751psdwcz0180000gn/T/"/>
    <property name="java.version" value="15.0.1"/>
    <property name="user.dir" value="/Users/jakoboffersen/Documents/DTU/9_semester/Web Services (Jan)/DTUPay/RabbitTest"/>
    <property name="os.arch" value="x86_64"/>
    <property name="java.vm.specification.name" value="Java Virtual Machine Specification"/>
    <property name="java.util.logging.manager" value="org.jboss.logmanager.LogManager"/>
    <property name="java.library.path" value="/Users/jakoboffersen/Library/Java/Extensions:/Library/Java/Extensions:/Network/Library/Java/Extensions:/System/Library/Java/Extensions:/usr/lib/java:."/>
    <property name="java.vm.info" value="mixed mode, sharing"/>
    <property name="java.vendor" value="N/A"/>
    <property name="java.vm.version" value="15.0.1+9"/>
    <property name="sun.io.unicode.encoding" value="UnicodeBig"/>
    <property name="java.class.version" value="59.0"/>
  </properties>
  <testcase name="Event" classname="EventService feature" time="0.129"/>
</testsuite>